2024-12-06 16:13:30,045 - INFO - 这是一轮整体用例测试的开始
2024-12-06 16:13:30,138 - INFO - ====== WebDriver manager ======
2024-12-06 16:13:30,384 - INFO - Get LATEST chromedriver version for google-chrome
2024-12-06 16:13:30,673 - INFO - Get LATEST chromedriver version for google-chrome
2024-12-06 16:13:31,032 - INFO - Driver [/Users/mac/.wdm/drivers/chromedriver/mac64/131.0.6778.87/chromedriver-mac-arm64/chromedriver] found in cache
2024-12-06 16:13:39,841 - INFO - 这是一轮整体用例测试的开始
2024-12-06 16:13:40,118 - INFO - ====== WebDriver manager ======
2024-12-06 16:13:40,330 - INFO - Get LATEST chromedriver version for google-chrome
2024-12-06 16:13:40,642 - INFO - Get LATEST chromedriver version for google-chrome
2024-12-06 16:13:41,447 - INFO - Driver [/Users/mac/.wdm/drivers/chromedriver/mac64/131.0.6778.87/chromedriver-mac-arm64/chromedriver] found in cache
2024-12-06 16:13:56,712 - INFO - 开始执行函数: clickbyText
2024-12-06 16:13:57,571 - INFO - 完成执行函数: clickbyText
2024-12-06 16:13:57,572 - INFO - 开始执行函数: find_text_on_page
2024-12-06 16:14:17,890 - INFO - 完成执行函数: find_text_on_page
2024-12-06 16:14:17,892 - INFO - time is: 0:00:22.122346
2024-12-06 16:14:18,028 - WARNING - Retrying (Retry(total=2, connect=None, read=None, redirect=None, status=None)) after connection broken by 'NewConnectionError('<urllib3.connection.HTTPConnection object at 0x102cf4e20>: Failed to establish a new connection: [Errno 61] Connection refused')': /session/83e18014fe5a3b31d26d9f5b0ec359c1/url
2024-12-06 16:14:18,028 - WARNING - Retrying (Retry(total=1, connect=None, read=None, redirect=None, status=None)) after connection broken by 'NewConnectionError('<urllib3.connection.HTTPConnection object at 0x102cf4c70>: Failed to establish a new connection: [Errno 61] Connection refused')': /session/83e18014fe5a3b31d26d9f5b0ec359c1/url
2024-12-06 16:14:18,029 - WARNING - Retrying (Retry(total=0, connect=None, read=None, redirect=None, status=None)) after connection broken by 'NewConnectionError('<urllib3.connection.HTTPConnection object at 0x102d731c0>: Failed to establish a new connection: [Errno 61] Connection refused')': /session/83e18014fe5a3b31d26d9f5b0ec359c1/url
2024-12-06 16:14:18,172 - WARNING - Retrying (Retry(total=2, connect=None, read=None, redirect=None, status=None)) after connection broken by 'NewConnectionError('<urllib3.connection.HTTPConnection object at 0x1042faa90>: Failed to establish a new connection: [Errno 61] Connection refused')': /session/83e18014fe5a3b31d26d9f5b0ec359c1
2024-12-06 16:14:18,173 - WARNING - Retrying (Retry(total=1, connect=None, read=None, redirect=None, status=None)) after connection broken by 'NewConnectionError('<urllib3.connection.HTTPConnection object at 0x1042fabb0>: Failed to establish a new connection: [Errno 61] Connection refused')': /session/83e18014fe5a3b31d26d9f5b0ec359c1
2024-12-06 16:14:18,174 - WARNING - Retrying (Retry(total=0, connect=None, read=None, redirect=None, status=None)) after connection broken by 'NewConnectionError('<urllib3.connection.HTTPConnection object at 0x1042fac40>: Failed to establish a new connection: [Errno 61] Connection refused')': /session/83e18014fe5a3b31d26d9f5b0ec359c1
2024-12-06 16:14:19,288 - INFO - ====== WebDriver manager ======
2024-12-06 16:14:19,506 - INFO - Get LATEST chromedriver version for google-chrome
2024-12-06 16:14:19,891 - INFO - Get LATEST chromedriver version for google-chrome
2024-12-06 16:14:20,487 - INFO - Driver [/Users/mac/.wdm/drivers/chromedriver/mac64/131.0.6778.87/chromedriver-mac-arm64/chromedriver] found in cache
2024-12-06 16:14:35,426 - INFO - 开始执行函数: clickbyText
2024-12-06 16:14:36,039 - INFO - 完成执行函数: clickbyText
2024-12-06 16:14:36,039 - INFO - 开始执行函数: find_text_on_page
2024-12-06 16:14:56,377 - INFO - 完成执行函数: find_text_on_page
2024-12-06 16:14:56,379 - INFO - time is: 0:00:21.376213
2024-12-06 16:14:56,997 - WARNING - Retrying (Retry(total=2, connect=None, read=None, redirect=None, status=None)) after connection broken by 'NewConnectionError('<urllib3.connection.HTTPConnection object at 0x104447a30>: Failed to establish a new connection: [Errno 61] Connection refused')': /session/2dd8613b5acf8933e4db635534058065/url
2024-12-06 16:14:56,998 - WARNING - Retrying (Retry(total=1, connect=None, read=None, redirect=None, status=None)) after connection broken by 'NewConnectionError('<urllib3.connection.HTTPConnection object at 0x10452ee20>: Failed to establish a new connection: [Errno 61] Connection refused')': /session/2dd8613b5acf8933e4db635534058065/url
2024-12-06 16:14:56,998 - WARNING - Retrying (Retry(total=0, connect=None, read=None, redirect=None, status=None)) after connection broken by 'NewConnectionError('<urllib3.connection.HTTPConnection object at 0x10452edf0>: Failed to establish a new connection: [Errno 61] Connection refused')': /session/2dd8613b5acf8933e4db635534058065/url
2024-12-06 16:14:57,188 - WARNING - Retrying (Retry(total=2, connect=None, read=None, redirect=None, status=None)) after connection broken by 'NewConnectionError('<urllib3.connection.HTTPConnection object at 0x104562e80>: Failed to establish a new connection: [Errno 61] Connection refused')': /session/2dd8613b5acf8933e4db635534058065
2024-12-06 16:14:57,189 - WARNING - Retrying (Retry(total=1, connect=None, read=None, redirect=None, status=None)) after connection broken by 'NewConnectionError('<urllib3.connection.HTTPConnection object at 0x104562b80>: Failed to establish a new connection: [Errno 61] Connection refused')': /session/2dd8613b5acf8933e4db635534058065
2024-12-06 16:14:57,190 - WARNING - Retrying (Retry(total=0, connect=None, read=None, redirect=None, status=None)) after connection broken by 'NewConnectionError('<urllib3.connection.HTTPConnection object at 0x104562970>: Failed to establish a new connection: [Errno 61] Connection refused')': /session/2dd8613b5acf8933e4db635534058065
2024-12-06 16:14:58,322 - INFO - ====== WebDriver manager ======
2024-12-06 16:14:58,541 - INFO - Get LATEST chromedriver version for google-chrome
2024-12-06 16:14:58,990 - INFO - Get LATEST chromedriver version for google-chrome
2024-12-06 16:14:59,428 - INFO - Driver [/Users/mac/.wdm/drivers/chromedriver/mac64/131.0.6778.87/chromedriver-mac-arm64/chromedriver] found in cache
2024-12-06 16:15:13,625 - INFO - 开始执行函数: clickbyText
2024-12-06 16:15:14,515 - INFO - 完成执行函数: clickbyText
2024-12-06 16:15:14,519 - INFO - 开始执行函数: find_text_on_page
2024-12-06 16:15:34,631 - INFO - 完成执行函数: find_text_on_page
2024-12-06 16:15:34,633 - INFO - time is: 0:00:21.666627
2024-12-06 16:15:34,738 - WARNING - Retrying (Retry(total=2, connect=None, read=None, redirect=None, status=None)) after connection broken by 'NewConnectionError('<urllib3.connection.HTTPConnection object at 0x104119340>: Failed to establish a new connection: [Errno 61] Connection refused')': /session/2b2ece85b97a91e11d23d9a0fa75a20d/url
2024-12-06 16:15:34,739 - WARNING - Retrying (Retry(total=1, connect=None, read=None, redirect=None, status=None)) after connection broken by 'NewConnectionError('<urllib3.connection.HTTPConnection object at 0x104119610>: Failed to establish a new connection: [Errno 61] Connection refused')': /session/2b2ece85b97a91e11d23d9a0fa75a20d/url
2024-12-06 16:15:34,740 - WARNING - Retrying (Retry(total=0, connect=None, read=None, redirect=None, status=None)) after connection broken by 'NewConnectionError('<urllib3.connection.HTTPConnection object at 0x104119760>: Failed to establish a new connection: [Errno 61] Connection refused')': /session/2b2ece85b97a91e11d23d9a0fa75a20d/url
2024-12-06 16:15:34,829 - WARNING - Retrying (Retry(total=2, connect=None, read=None, redirect=None, status=None)) after connection broken by 'NewConnectionError('<urllib3.connection.HTTPConnection object at 0x1043742e0>: Failed to establish a new connection: [Errno 61] Connection refused')': /session/2b2ece85b97a91e11d23d9a0fa75a20d
2024-12-06 16:15:34,830 - WARNING - Retrying (Retry(total=1, connect=None, read=None, redirect=None, status=None)) after connection broken by 'NewConnectionError('<urllib3.connection.HTTPConnection object at 0x1043740a0>: Failed to establish a new connection: [Errno 61] Connection refused')': /session/2b2ece85b97a91e11d23d9a0fa75a20d
2024-12-06 16:15:34,830 - WARNING - Retrying (Retry(total=0, connect=None, read=None, redirect=None, status=None)) after connection broken by 'NewConnectionError('<urllib3.connection.HTTPConnection object at 0x104374310>: Failed to establish a new connection: [Errno 61] Connection refused')': /session/2b2ece85b97a91e11d23d9a0fa75a20d
2024-12-06 16:15:35,931 - INFO - ====== WebDriver manager ======
2024-12-06 16:15:36,164 - INFO - Get LATEST chromedriver version for google-chrome
2024-12-06 16:15:36,455 - INFO - Get LATEST chromedriver version for google-chrome
2024-12-06 16:15:36,741 - INFO - Driver [/Users/mac/.wdm/drivers/chromedriver/mac64/131.0.6778.87/chromedriver-mac-arm64/chromedriver] found in cache
2024-12-06 16:15:52,407 - INFO - 开始执行函数: clickbyText
2024-12-06 16:15:53,481 - INFO - 完成执行函数: clickbyText
2024-12-06 16:15:53,482 - INFO - 开始执行函数: find_text_on_page
2024-12-06 16:16:13,774 - INFO - 完成执行函数: find_text_on_page
2024-12-06 16:16:13,776 - INFO - time is: 0:00:21.977172
2024-12-06 16:16:13,920 - WARNING - Retrying (Retry(total=2, connect=None, read=None, redirect=None, status=None)) after connection broken by 'NewConnectionError('<urllib3.connection.HTTPConnection object at 0x102d714f0>: Failed to establish a new connection: [Errno 61] Connection refused')': /session/a37d2285f33f7c774195d190da4a915f/url
2024-12-06 16:16:13,920 - WARNING - Retrying (Retry(total=1, connect=None, read=None, redirect=None, status=None)) after connection broken by 'NewConnectionError('<urllib3.connection.HTTPConnection object at 0x102d71430>: Failed to establish a new connection: [Errno 61] Connection refused')': /session/a37d2285f33f7c774195d190da4a915f/url
2024-12-06 16:16:13,921 - WARNING - Retrying (Retry(total=0, connect=None, read=None, redirect=None, status=None)) after connection broken by 'NewConnectionError('<urllib3.connection.HTTPConnection object at 0x102d71ee0>: Failed to establish a new connection: [Errno 61] Connection refused')': /session/a37d2285f33f7c774195d190da4a915f/url
2024-12-06 16:16:14,030 - WARNING - Retrying (Retry(total=2, connect=None, read=None, redirect=None, status=None)) after connection broken by 'NewConnectionError('<urllib3.connection.HTTPConnection object at 0x1044cc730>: Failed to establish a new connection: [Errno 61] Connection refused')': /session/a37d2285f33f7c774195d190da4a915f
2024-12-06 16:16:14,030 - WARNING - Retrying (Retry(total=1, connect=None, read=None, redirect=None, status=None)) after connection broken by 'NewConnectionError('<urllib3.connection.HTTPConnection object at 0x1044cc520>: Failed to establish a new connection: [Errno 61] Connection refused')': /session/a37d2285f33f7c774195d190da4a915f
2024-12-06 16:16:14,031 - WARNING - Retrying (Retry(total=0, connect=None, read=None, redirect=None, status=None)) after connection broken by 'NewConnectionError('<urllib3.connection.HTTPConnection object at 0x1044ccd00>: Failed to establish a new connection: [Errno 61] Connection refused')': /session/a37d2285f33f7c774195d190da4a915f
2024-12-06 16:16:15,151 - INFO - ====== WebDriver manager ======
2024-12-06 16:16:15,380 - INFO - Get LATEST chromedriver version for google-chrome
2024-12-06 16:16:15,686 - INFO - Get LATEST chromedriver version for google-chrome
2024-12-06 16:16:16,084 - INFO - Driver [/Users/mac/.wdm/drivers/chromedriver/mac64/131.0.6778.87/chromedriver-mac-arm64/chromedriver] found in cache
2024-12-06 16:16:34,274 - INFO - 开始执行函数: clickbyText
2024-12-06 16:16:34,553 - INFO - 完成执行函数: clickbyText
2024-12-06 16:16:34,553 - INFO - 开始执行函数: find_text_on_page
2024-12-06 16:16:54,752 - INFO - 完成执行函数: find_text_on_page
2024-12-06 16:16:54,755 - INFO - time is: 0:00:21.051408
2024-12-06 16:16:54,966 - WARNING - Retrying (Retry(total=2, connect=None, read=None, redirect=None, status=None)) after connection broken by 'NewConnectionError('<urllib3.connection.HTTPConnection object at 0x10421deb0>: Failed to establish a new connection: [Errno 61] Connection refused')': /session/1f57591bf3f11ab184aac4bdda113c84/url
2024-12-06 16:16:54,967 - WARNING - Retrying (Retry(total=1, connect=None, read=None, redirect=None, status=None)) after connection broken by 'NewConnectionError('<urllib3.connection.HTTPConnection object at 0x10421d760>: Failed to establish a new connection: [Errno 61] Connection refused')': /session/1f57591bf3f11ab184aac4bdda113c84/url
2024-12-06 16:16:54,968 - WARNING - Retrying (Retry(total=0, connect=None, read=None, redirect=None, status=None)) after connection broken by 'NewConnectionError('<urllib3.connection.HTTPConnection object at 0x10421d100>: Failed to establish a new connection: [Errno 61] Connection refused')': /session/1f57591bf3f11ab184aac4bdda113c84/url
2024-12-06 16:16:55,151 - WARNING - Retrying (Retry(total=2, connect=None, read=None, redirect=None, status=None)) after connection broken by 'NewConnectionError('<urllib3.connection.HTTPConnection object at 0x104681730>: Failed to establish a new connection: [Errno 61] Connection refused')': /session/1f57591bf3f11ab184aac4bdda113c84
2024-12-06 16:16:55,151 - WARNING - Retrying (Retry(total=1, connect=None, read=None, redirect=None, status=None)) after connection broken by 'NewConnectionError('<urllib3.connection.HTTPConnection object at 0x104681760>: Failed to establish a new connection: [Errno 61] Connection refused')': /session/1f57591bf3f11ab184aac4bdda113c84
2024-12-06 16:16:55,152 - WARNING - Retrying (Retry(total=0, connect=None, read=None, redirect=None, status=None)) after connection broken by 'NewConnectionError('<urllib3.connection.HTTPConnection object at 0x104681ee0>: Failed to establish a new connection: [Errno 61] Connection refused')': /session/1f57591bf3f11ab184aac4bdda113c84
2024-12-06 16:16:56,275 - INFO - ====== WebDriver manager ======
2024-12-06 16:16:56,503 - INFO - Get LATEST chromedriver version for google-chrome
2024-12-06 16:16:57,595 - INFO - Get LATEST chromedriver version for google-chrome
2024-12-06 16:16:58,206 - INFO - Driver [/Users/mac/.wdm/drivers/chromedriver/mac64/131.0.6778.87/chromedriver-mac-arm64/chromedriver] found in cache
2024-12-06 16:17:12,721 - INFO - 开始执行函数: clickbyText
2024-12-06 16:17:13,337 - INFO - 完成执行函数: clickbyText
2024-12-06 16:17:13,338 - INFO - 开始执行函数: find_text_on_page
2024-12-06 16:17:33,613 - INFO - 完成执行函数: find_text_on_page
2024-12-06 16:17:33,617 - INFO - time is: 0:00:21.313995
2024-12-06 16:17:33,811 - WARNING - Retrying (Retry(total=2, connect=None, read=None, redirect=None, status=None)) after connection broken by 'NewConnectionError('<urllib3.connection.HTTPConnection object at 0x10436fd30>: Failed to establish a new connection: [Errno 61] Connection refused')': /session/4b5331306889704adb263c7a117f2e6d/url
2024-12-06 16:17:33,812 - WARNING - Retrying (Retry(total=1, connect=None, read=None, redirect=None, status=None)) after connection broken by 'NewConnectionError('<urllib3.connection.HTTPConnection object at 0x10436f490>: Failed to establish a new connection: [Errno 61] Connection refused')': /session/4b5331306889704adb263c7a117f2e6d/url
2024-12-06 16:17:33,812 - WARNING - Retrying (Retry(total=0, connect=None, read=None, redirect=None, status=None)) after connection broken by 'NewConnectionError('<urllib3.connection.HTTPConnection object at 0x10436f1c0>: Failed to establish a new connection: [Errno 61] Connection refused')': /session/4b5331306889704adb263c7a117f2e6d/url
2024-12-06 16:17:33,985 - WARNING - Retrying (Retry(total=2, connect=None, read=None, redirect=None, status=None)) after connection broken by 'NewConnectionError('<urllib3.connection.HTTPConnection object at 0x1042fa700>: Failed to establish a new connection: [Errno 61] Connection refused')': /session/4b5331306889704adb263c7a117f2e6d
2024-12-06 16:17:33,985 - WARNING - Retrying (Retry(total=1, connect=None, read=None, redirect=None, status=None)) after connection broken by 'NewConnectionError('<urllib3.connection.HTTPConnection object at 0x1042fa130>: Failed to establish a new connection: [Errno 61] Connection refused')': /session/4b5331306889704adb263c7a117f2e6d
2024-12-06 16:17:33,986 - WARNING - Retrying (Retry(total=0, connect=None, read=None, redirect=None, status=None)) after connection broken by 'NewConnectionError('<urllib3.connection.HTTPConnection object at 0x1046b06a0>: Failed to establish a new connection: [Errno 61] Connection refused')': /session/4b5331306889704adb263c7a117f2e6d
2024-12-06 16:17:35,099 - INFO - ====== WebDriver manager ======
2024-12-06 16:17:35,326 - INFO - Get LATEST chromedriver version for google-chrome
2024-12-06 16:17:35,745 - INFO - Get LATEST chromedriver version for google-chrome
2024-12-06 16:17:36,045 - INFO - Driver [/Users/mac/.wdm/drivers/chromedriver/mac64/131.0.6778.87/chromedriver-mac-arm64/chromedriver] found in cache
2024-12-06 16:17:51,050 - INFO - 开始执行函数: clickbyText
2024-12-06 16:17:52,213 - INFO - 完成执行函数: clickbyText
2024-12-06 16:17:52,214 - INFO - 开始执行函数: find_text_on_page
2024-12-06 16:18:12,485 - INFO - 完成执行函数: find_text_on_page
2024-12-06 16:18:12,487 - INFO - time is: 0:00:21.853981
2024-12-06 16:18:12,642 - WARNING - Retrying (Retry(total=2, connect=None, read=None, redirect=None, status=None)) after connection broken by 'NewConnectionError('<urllib3.connection.HTTPConnection object at 0x102d78d00>: Failed to establish a new connection: [Errno 61] Connection refused')': /session/1708615d378e2a8c51a7cb00b73e18e9/url
2024-12-06 16:18:12,645 - WARNING - Retrying (Retry(total=1, connect=None, read=None, redirect=None, status=None)) after connection broken by 'NewConnectionError('<urllib3.connection.HTTPConnection object at 0x102d786d0>: Failed to establish a new connection: [Errno 61] Connection refused')': /session/1708615d378e2a8c51a7cb00b73e18e9/url
2024-12-06 16:18:12,647 - WARNING - Retrying (Retry(total=0, connect=None, read=None, redirect=None, status=None)) after connection broken by 'NewConnectionError('<urllib3.connection.HTTPConnection object at 0x102d78880>: Failed to establish a new connection: [Errno 61] Connection refused')': /session/1708615d378e2a8c51a7cb00b73e18e9/url
2024-12-06 16:18:12,809 - WARNING - Retrying (Retry(total=2, connect=None, read=None, redirect=None, status=None)) after connection broken by 'NewConnectionError('<urllib3.connection.HTTPConnection object at 0x104533bb0>: Failed to establish a new connection: [Errno 61] Connection refused')': /session/1708615d378e2a8c51a7cb00b73e18e9
2024-12-06 16:18:12,811 - WARNING - Retrying (Retry(total=1, connect=None, read=None, redirect=None, status=None)) after connection broken by 'NewConnectionError('<urllib3.connection.HTTPConnection object at 0x1045338b0>: Failed to establish a new connection: [Errno 61] Connection refused')': /session/1708615d378e2a8c51a7cb00b73e18e9
2024-12-06 16:18:12,816 - WARNING - Retrying (Retry(total=0, connect=None, read=None, redirect=None, status=None)) after connection broken by 'NewConnectionError('<urllib3.connection.HTTPConnection object at 0x104533130>: Failed to establish a new connection: [Errno 61] Connection refused')': /session/1708615d378e2a8c51a7cb00b73e18e9
2024-12-06 16:18:13,946 - INFO - ====== WebDriver manager ======
2024-12-06 16:18:14,169 - INFO - Get LATEST chromedriver version for google-chrome
2024-12-06 16:18:15,153 - INFO - Get LATEST chromedriver version for google-chrome
2024-12-06 16:18:16,068 - INFO - Driver [/Users/mac/.wdm/drivers/chromedriver/mac64/131.0.6778.87/chromedriver-mac-arm64/chromedriver] found in cache
2024-12-06 16:18:22,353 - INFO - ====== WebDriver manager ======
2024-12-06 16:18:22,754 - INFO - Get LATEST chromedriver version for google-chrome
