2024-12-06 14:28:16,687 - INFO - ====== WebDriver manager ======
2024-12-06 14:28:17,317 - INFO - Get LATEST chromedriver version for google-chrome
2024-12-06 14:28:17,648 - INFO - Get LATEST chromedriver version for google-chrome
2024-12-06 14:28:17,968 - INFO - Driver [/Users/mac/.wdm/drivers/chromedriver/mac64/131.0.6778.87/chromedriver-mac-arm64/chromedriver] found in cache
2024-12-06 14:28:35,073 - INFO - [32m开始执行函数: clickbyText[0m
2024-12-06 14:28:35,211 - INFO - [32m完成执行函数: clickbyText[0m
2024-12-06 14:28:35,211 - INFO - [32m开始执行函数: find_text_on_page[0m
2024-12-06 14:28:45,566 - INFO - [32m完成执行函数: find_text_on_page[0m
2024-12-06 14:28:45,567 - INFO - time is: 0:00:15.918577
2024-12-06 14:28:45,746 - WARNING - Retrying (Retry(total=2, connect=None, read=None, redirect=None, status=None)) after connection broken by 'NewConnectionError('<urllib3.connection.HTTPConnection object at 0x10221f370>: Failed to establish a new connection: [Errno 61] Connection refused')': /session/57a857a4053eb66b2625fedc84d91066/url
2024-12-06 14:28:45,746 - WARNING - Retrying (Retry(total=1, connect=None, read=None, redirect=None, status=None)) after connection broken by 'NewConnectionError('<urllib3.connection.HTTPConnection object at 0x10221f9a0>: Failed to establish a new connection: [Errno 61] Connection refused')': /session/57a857a4053eb66b2625fedc84d91066/url
2024-12-06 14:28:45,749 - WARNING - Retrying (Retry(total=0, connect=None, read=None, redirect=None, status=None)) after connection broken by 'NewConnectionError('<urllib3.connection.HTTPConnection object at 0x10221fb80>: Failed to establish a new connection: [Errno 61] Connection refused')': /session/57a857a4053eb66b2625fedc84d91066/url
2024-12-06 14:28:45,903 - WARNING - Retrying (Retry(total=2, connect=None, read=None, redirect=None, status=None)) after connection broken by 'NewConnectionError('<urllib3.connection.HTTPConnection object at 0x102660e20>: Failed to establish a new connection: [Errno 61] Connection refused')': /session/57a857a4053eb66b2625fedc84d91066
2024-12-06 14:28:45,903 - WARNING - Retrying (Retry(total=1, connect=None, read=None, redirect=None, status=None)) after connection broken by 'NewConnectionError('<urllib3.connection.HTTPConnection object at 0x102660850>: Failed to establish a new connection: [Errno 61] Connection refused')': /session/57a857a4053eb66b2625fedc84d91066
2024-12-06 14:28:45,904 - WARNING - Retrying (Retry(total=0, connect=None, read=None, redirect=None, status=None)) after connection broken by 'NewConnectionError('<urllib3.connection.HTTPConnection object at 0x102660a90>: Failed to establish a new connection: [Errno 61] Connection refused')': /session/57a857a4053eb66b2625fedc84d91066
2024-12-06 14:28:47,020 - INFO - ====== WebDriver manager ======
2024-12-06 14:28:47,020 - INFO - ====== WebDriver manager ======
2024-12-06 14:28:47,264 - INFO - Get LATEST chromedriver version for google-chrome
2024-12-06 14:28:47,264 - INFO - Get LATEST chromedriver version for google-chrome
2024-12-06 14:28:47,565 - INFO - Get LATEST chromedriver version for google-chrome
2024-12-06 14:28:47,565 - INFO - Get LATEST chromedriver version for google-chrome
2024-12-06 14:28:47,862 - INFO - Driver [/Users/mac/.wdm/drivers/chromedriver/mac64/131.0.6778.87/chromedriver-mac-arm64/chromedriver] found in cache
2024-12-06 14:28:47,862 - INFO - Driver [/Users/mac/.wdm/drivers/chromedriver/mac64/131.0.6778.87/chromedriver-mac-arm64/chromedriver] found in cache
