2024-12-06 14:19:56,795 - INFO - ====== WebDriver manager ======
2024-12-06 14:19:57,743 - INFO - Get LATEST chromedriver version for google-chrome
2024-12-06 14:19:58,121 - INFO - Get LATEST chromedriver version for google-chrome
2024-12-06 14:19:58,479 - INFO - Driver [/Users/mac/.wdm/drivers/chromedriver/mac64/131.0.6778.87/chromedriver-mac-arm64/chromedriver] found in cache
2024-12-06 14:20:10,409 - INFO - [32må¼€å§‹æ‰§è¡Œå‡½æ•°: clickbyText[0m
2024-12-06 14:20:10,864 - INFO - [32må®Œæˆæ‰§è¡Œå‡½æ•°: clickbyText[0m
2024-12-06 14:20:10,864 - INFO - [32må¼€å§‹æ‰§è¡Œå‡½æ•°: find_text_on_page[0m
2024-12-06 14:20:20,939 - INFO - [32må®Œæˆæ‰§è¡Œå‡½æ•°: find_text_on_page[0m
2024-12-06 14:20:20,941 - INFO - time is: 0:00:15.969763
2024-12-06 14:20:21,143 - WARNING - Retrying (Retry(total=2, connect=None, read=None, redirect=None, status=None)) after connection broken by 'NewConnectionError('<urllib3.connection.HTTPConnection object at 0x110172610>: Failed to establish a new connection: [Errno 61] Connection refused')': /session/cf54933d6aced25bfc5d2b3176b5441b/url
2024-12-06 14:20:21,144 - WARNING - Retrying (Retry(total=1, connect=None, read=None, redirect=None, status=None)) after connection broken by 'NewConnectionError('<urllib3.connection.HTTPConnection object at 0x1101729d0>: Failed to establish a new connection: [Errno 61] Connection refused')': /session/cf54933d6aced25bfc5d2b3176b5441b/url
2024-12-06 14:20:21,144 - WARNING - Retrying (Retry(total=0, connect=None, read=None, redirect=None, status=None)) after connection broken by 'NewConnectionError('<urllib3.connection.HTTPConnection object at 0x110172bb0>: Failed to establish a new connection: [Errno 61] Connection refused')': /session/cf54933d6aced25bfc5d2b3176b5441b/url
2024-12-06 14:20:21,334 - WARNING - Retrying (Retry(total=2, connect=None, read=None, redirect=None, status=None)) after connection broken by 'NewConnectionError('<urllib3.connection.HTTPConnection object at 0x1105c4e20>: Failed to establish a new connection: [Errno 61] Connection refused')': /session/cf54933d6aced25bfc5d2b3176b5441b
2024-12-06 14:20:21,335 - WARNING - Retrying (Retry(total=1, connect=None, read=None, redirect=None, status=None)) after connection broken by 'NewConnectionError('<urllib3.connection.HTTPConnection object at 0x1105c4850>: Failed to establish a new connection: [Errno 61] Connection refused')': /session/cf54933d6aced25bfc5d2b3176b5441b
2024-12-06 14:20:21,336 - WARNING - Retrying (Retry(total=0, connect=None, read=None, redirect=None, status=None)) after connection broken by 'NewConnectionError('<urllib3.connection.HTTPConnection object at 0x1105c4a90>: Failed to establish a new connection: [Errno 61] Connection refused')': /session/cf54933d6aced25bfc5d2b3176b5441b
2024-12-06 14:20:22,468 - INFO - ====== WebDriver manager ======
2024-12-06 14:20:22,704 - INFO - Get LATEST chromedriver version for google-chrome
2024-12-06 14:20:23,075 - INFO - Get LATEST chromedriver version for google-chrome
2024-12-06 14:20:23,543 - INFO - Driver [/Users/mac/.wdm/drivers/chromedriver/mac64/131.0.6778.87/chromedriver-mac-arm64/chromedriver] found in cache
2024-12-06 14:20:34,237 - INFO - [32må¼€å§‹æ‰§è¡Œå‡½æ•°: clickbyText[0m
2024-12-06 14:20:34,662 - INFO - [32må®Œæˆæ‰§è¡Œå‡½æ•°: clickbyText[0m
2024-12-06 14:20:34,662 - INFO - [32må¼€å§‹æ‰§è¡Œå‡½æ•°: find_text_on_page[0m
2024-12-06 14:20:44,758 - INFO - [32må®Œæˆæ‰§è¡Œå‡½æ•°: find_text_on_page[0m
2024-12-06 14:20:44,760 - INFO - time is: 0:00:15.891216
2024-12-06 14:20:44,857 - WARNING - Retrying (Retry(total=2, connect=None, read=None, redirect=None, status=None)) after connection broken by 'NewConnectionError('<urllib3.connection.HTTPConnection object at 0x1105fa460>: Failed to establish a new connection: [Errno 61] Connection refused')': /session/484c455e0991ddd2d77c39d48ad5cf2b/url
2024-12-06 14:20:44,857 - WARNING - Retrying (Retry(total=1, connect=None, read=None, redirect=None, status=None)) after connection broken by 'NewConnectionError('<urllib3.connection.HTTPConnection object at 0x1105fa310>: Failed to establish a new connection: [Errno 61] Connection refused')': /session/484c455e0991ddd2d77c39d48ad5cf2b/url
2024-12-06 14:20:44,858 - WARNING - Retrying (Retry(total=0, connect=None, read=None, redirect=None, status=None)) after connection broken by 'NewConnectionError('<urllib3.connection.HTTPConnection object at 0x1105fa760>: Failed to establish a new connection: [Errno 61] Connection refused')': /session/484c455e0991ddd2d77c39d48ad5cf2b/url
2024-12-06 14:20:44,958 - WARNING - Retrying (Retry(total=2, connect=None, read=None, redirect=None, status=None)) after connection broken by 'NewConnectionError('<urllib3.connection.HTTPConnection object at 0x110059af0>: Failed to establish a new connection: [Errno 61] Connection refused')': /session/484c455e0991ddd2d77c39d48ad5cf2b
2024-12-06 14:20:44,959 - WARNING - Retrying (Retry(total=1, connect=None, read=None, redirect=None, status=None)) after connection broken by 'NewConnectionError('<urllib3.connection.HTTPConnection object at 0x11004b1f0>: Failed to establish a new connection: [Errno 61] Connection refused')': /session/484c455e0991ddd2d77c39d48ad5cf2b
2024-12-06 14:20:44,959 - WARNING - Retrying (Retry(total=0, connect=None, read=None, redirect=None, status=None)) after connection broken by 'NewConnectionError('<urllib3.connection.HTTPConnection object at 0x11004b340>: Failed to establish a new connection: [Errno 61] Connection refused')': /session/484c455e0991ddd2d77c39d48ad5cf2b
2024-12-06 14:20:46,073 - INFO - ====== WebDriver manager ======
2024-12-06 14:20:46,297 - INFO - Get LATEST chromedriver version for google-chrome
2024-12-06 14:20:49,544 - INFO - Get LATEST chromedriver version for google-chrome
2024-12-06 14:20:50,682 - INFO - Driver [/Users/mac/.wdm/drivers/chromedriver/mac64/131.0.6778.87/chromedriver-mac-arm64/chromedriver] found in cache
2024-12-06 14:21:18,515 - INFO - [32må¼€å§‹æ‰§è¡Œå‡½æ•°: clickbyText[0m
2024-12-06 14:21:18,759 - INFO - [32må®Œæˆæ‰§è¡Œå‡½æ•°: clickbyText[0m
2024-12-06 14:21:18,759 - INFO - [32må¼€å§‹æ‰§è¡Œå‡½æ•°: find_text_on_page[0m
2024-12-06 14:21:29,208 - INFO - [32må®Œæˆæ‰§è¡Œå‡½æ•°: find_text_on_page[0m
2024-12-06 14:21:29,209 - INFO - time is: 0:00:16.986822
2024-12-06 14:21:29,330 - WARNING - Retrying (Retry(total=2, connect=None, read=None, redirect=None, status=None)) after connection broken by 'NewConnectionError('<urllib3.connection.HTTPConnection object at 0x1104ad7c0>: Failed to establish a new connection: [Errno 61] Connection refused')': /session/d9b74a16683a6aa66b8d33ce2e276440/url
2024-12-06 14:21:29,342 - WARNING - Retrying (Retry(total=1, connect=None, read=None, redirect=None, status=None)) after connection broken by 'NewConnectionError('<urllib3.connection.HTTPConnection object at 0x1104adaf0>: Failed to establish a new connection: [Errno 61] Connection refused')': /session/d9b74a16683a6aa66b8d33ce2e276440/url
2024-12-06 14:21:29,344 - WARNING - Retrying (Retry(total=0, connect=None, read=None, redirect=None, status=None)) after connection broken by 'NewConnectionError('<urllib3.connection.HTTPConnection object at 0x1104ad940>: Failed to establish a new connection: [Errno 61] Connection refused')': /session/d9b74a16683a6aa66b8d33ce2e276440/url
2024-12-06 14:21:29,539 - WARNING - Retrying (Retry(total=2, connect=None, read=None, redirect=None, status=None)) after connection broken by 'NewConnectionError('<urllib3.connection.HTTPConnection object at 0x110535e50>: Failed to establish a new connection: [Errno 61] Connection refused')': /session/d9b74a16683a6aa66b8d33ce2e276440
2024-12-06 14:21:29,541 - WARNING - Retrying (Retry(total=1, connect=None, read=None, redirect=None, status=None)) after connection broken by 'NewConnectionError('<urllib3.connection.HTTPConnection object at 0x110535ca0>: Failed to establish a new connection: [Errno 61] Connection refused')': /session/d9b74a16683a6aa66b8d33ce2e276440
2024-12-06 14:21:29,541 - WARNING - Retrying (Retry(total=0, connect=None, read=None, redirect=None, status=None)) after connection broken by 'NewConnectionError('<urllib3.connection.HTTPConnection object at 0x110535b50>: Failed to establish a new connection: [Errno 61] Connection refused')': /session/d9b74a16683a6aa66b8d33ce2e276440
2024-12-06 14:21:30,662 - INFO - ====== WebDriver manager ======
2024-12-06 14:21:30,912 - INFO - Get LATEST chromedriver version for google-chrome
2024-12-06 14:21:32,421 - INFO - Get LATEST chromedriver version for google-chrome
2024-12-06 14:21:36,318 - INFO - Driver [/Users/mac/.wdm/drivers/chromedriver/mac64/131.0.6778.87/chromedriver-mac-arm64/chromedriver] found in cache
